2025-08-22 09:44:00 [INFO]: ARB4ME Backend Logger initialized | {"logLevel":"info","logsDirectory":"C:\\Users\\Jonathan\\OneDrive\\Documents\\Work\\JONO WORK\\AIM Arbitrage\\2023\\IDATCO\\ARB4ME\\arb4me-unified\\logs"}
2025-09-04 13:33:40 [INFO]: ARB4ME Backend Logger initialized | {"logLevel":"info","logsDirectory":"C:\\Users\\Jonathan\\OneDrive\\Documents\\Work\\JONO WORK\\AIM Arbitrage\\2023\\IDATCO\\ARB4ME\\arb4me-unified\\logs"}
2025-09-04 13:33:42 [ERROR]: Database connection failed: | {"code":"ECONNREFUSED"}
AggregateError [ECONNREFUSED]: 
    at C:\Users\Jonathan\OneDrive\Documents\Work\JONO WORK\AIM Arbitrage\2023\IDATCO\ARB4ME\arb4me-unified\node_modules\pg-pool\index.js:45:11
    at process.processTicksAndRejections (node:internal/process/task_queues:105:5)
    at async connectDatabase (C:\Users\Jonathan\OneDrive\Documents\Work\JONO WORK\AIM Arbitrage\2023\IDATCO\ARB4ME\arb4me-unified\src\database\connection.js:51:24)
    at async startServer (C:\Users\Jonathan\OneDrive\Documents\Work\JONO WORK\AIM Arbitrage\2023\IDATCO\ARB4ME\arb4me-unified\server.js:114:30)
2025-09-04 13:34:06 [INFO]: ARB4ME Backend Logger initialized | {"logLevel":"info","logsDirectory":"C:\\Users\\Jonathan\\OneDrive\\Documents\\Work\\JONO WORK\\AIM Arbitrage\\2023\\IDATCO\\ARB4ME\\arb4me-unified\\logs"}
2025-09-04 13:34:07 [WARN]: Running without database - using in-memory storage
2025-09-04 13:34:07 [WARN]: Running without database - PWA will use localStorage only
2025-09-04 13:34:07 [WARN]: Auto-reminder service disabled - requires database connection
2025-09-04 13:34:07 [INFO]: [WEBSOCKET] WebSocket server initialized
2025-09-04 13:34:07 [INFO]: WebSocket server initialized
2025-09-04 13:34:07 [INFO]: Server running on port 3000 in undefined mode
2025-09-04 13:34:07 [INFO]: API available at http://localhost:3000/api/v1
2025-09-29 13:01:42 [INFO]: ARB4ME Backend Logger initialized | {"logLevel":"info","logsDirectory":"C:\\Users\\Jonathan\\OneDrive\\Documents\\Work\\JONO WORK\\AIM Arbitrage\\2023\\IDATCO\\ARB4ME\\arb4me-unified\\logs"}
2025-09-29 13:01:45 [WARN]: Running without database - using in-memory storage
2025-09-29 13:01:45 [WARN]: Running without database - PWA will use localStorage only
2025-09-29 13:01:45 [WARN]: Auto-reminder service disabled - requires database connection
2025-09-29 13:01:45 [INFO]: [WEBSOCKET] WebSocket server initialized
2025-09-29 13:01:45 [INFO]: WebSocket server initialized
2025-09-29 13:01:45 [INFO]: Server running on port 3000 in undefined mode
2025-09-29 13:01:45 [INFO]: API available at http://localhost:3000/api/v1
2025-09-29 13:01:56 [INFO]: ::1 - - [29/Sep/2025:11:01:56 +0000] "HEAD /triangular-arb.html HTTP/1.1" 200 26740 "-" "curl/8.14.1"
2025-10-07 11:42:05 [INFO]: ARB4ME Backend Logger initialized | {"logLevel":"info","logsDirectory":"C:\\Users\\Jonathan\\OneDrive\\Documents\\Work\\JONO WORK\\AIM Arbitrage\\2023\\IDATCO\\ARB4ME\\arb4me-unified\\logs"}
2025-10-07 11:46:46 [INFO]: ARB4ME Backend Logger initialized | {"logLevel":"info","logsDirectory":"C:\\Users\\Jonathan\\OneDrive\\Documents\\Work\\JONO WORK\\AIM Arbitrage\\2023\\IDATCO\\ARB4ME\\arb4me-unified\\logs"}
2025-10-07 11:48:49 [INFO]: ARB4ME Backend Logger initialized | {"logLevel":"info","logsDirectory":"C:\\Users\\Jonathan\\OneDrive\\Documents\\Work\\JONO WORK\\AIM Arbitrage\\2023\\IDATCO\\ARB4ME\\arb4me-unified\\logs"}
2025-10-10 11:41:49 [INFO]: ARB4ME Backend Logger initialized | {"logLevel":"info","logsDirectory":"C:\\Users\\Jonathan\\OneDrive\\Documents\\Work\\JONO WORK\\AIM Arbitrage\\2023\\IDATCO\\ARB4ME\\arb4me-unified\\logs"}
